<?xml version="1.0" encoding="UTF-8"?>
<!-- Generated by org.testng.reporters.JUnitXMLReporter -->
<testsuite hostname="DESKTOP-6FSBO33" ignored="0" name="Default test" tests="4" failures="0" timestamp="30 May 2019 19:01:29 GMT" time="90.622" errors="0">
  <testcase name="searchTest" time="5.324" classname="com.qa.linkedin.testcases.SearchDDTTest"/>
  <testcase name="searchTest" time="8.906" classname="com.qa.linkedin.testcases.SearchDDTTest"/>
  <testcase name="searchTest" time="7.949" classname="com.qa.linkedin.testcases.SearchDDTTest"/>
  <testcase name="searchTest" time="8.437" classname="com.qa.linkedin.testcases.SearchDDTTest"/>
</testsuite> <!-- Default test -->
