<?xml version="1.0" encoding="UTF-8"?>
<!-- Generated by org.testng.reporters.JUnitXMLReporter -->
<testsuite hostname="DESKTOP-6FSBO33" ignored="0" name="HybridTest" tests="4" failures="0" timestamp="30 May 2019 20:13:51 GMT" time="53.641" errors="0">
  <testcase name="searchTest" time="4.773" classname="com.qa.linkedin.testcases.SearchDDTTest"/>
  <testcase name="searchTest" time="8.295" classname="com.qa.linkedin.testcases.SearchDDTTest"/>
  <testcase name="searchTest" time="8.291" classname="com.qa.linkedin.testcases.SearchDDTTest"/>
  <testcase name="searchTest" time="8.268" classname="com.qa.linkedin.testcases.SearchDDTTest"/>
</testsuite> <!-- HybridTest -->
